INFO:root:API start
INFO:root:Listing all champions
INFO:root:Deleting the champion with id : 4
INFO:root:[(41,)]
ERROR:root:syntax error at or near "["
LINE 1: DELETE FROM Skins WHERE SkinId IN [(41,)]
                                          ^

ERROR:root:Couldn't delete champion
INFO:root:Listing all champions
INFO:root:Creating the following skin : champion_id=4 skin_id=41 name='Skin test' skin_num=1 base_price=2000
ERROR:root:duplicate key value violates unique constraint "skins_pkey"
DETAIL:  Key (skinid)=(41) already exists.

INFO:root:Couldn't create skin
INFO:root:API start
INFO:root:Listing all champions
INFO:root:Deleting the champion with id : 4
INFO:root:[(41,)]
ERROR:root:syntax error at or near ")"
LINE 1: DELETE FROM Skins WHERE SkinId IN (41,)
                                              ^

ERROR:root:Couldn't delete champion
INFO:root:Listing all champions
INFO:root:Creating the following skin : champion_id=4 skin_id=41 name='Skin test' skin_num=1 base_price=2000
ERROR:root:duplicate key value violates unique constraint "skins_pkey"
DETAIL:  Key (skinid)=(41) already exists.

INFO:root:Couldn't create skin
INFO:root:API start
INFO:root:Listing all champions
INFO:root:Deleting the champion with id : 4
INFO:root:[(41,)]
ERROR:root:syntax error at or near ")"
LINE 1: DELETE FROM Skins WHERE SkinId IN (41,)
                                              ^

ERROR:root:Couldn't delete champion
INFO:root:Listing all champions
INFO:root:Creating the following skin : champion_id=4 skin_id=41 name='Skin test' skin_num=1 base_price=2000
ERROR:root:duplicate key value violates unique constraint "skins_pkey"
DETAIL:  Key (skinid)=(41) already exists.

INFO:root:Couldn't create skin
INFO:root:API start
INFO:root:Listing all champions
INFO:root:Deleting the champion with id : 4
INFO:root:[(41,)]
ERROR:root:syntax error at or near ")"
LINE 1: DELETE FROM Skins WHERE SkinId = ANY((41,))
                                                 ^

ERROR:root:Couldn't delete champion
INFO:root:Listing all champions
INFO:root:Creating the following skin : champion_id=4 skin_id=41 name='Skin test' skin_num=1 base_price=2000
ERROR:root:duplicate key value violates unique constraint "skins_pkey"
DETAIL:  Key (skinid)=(41) already exists.

INFO:root:Couldn't create skin
INFO:root:API start
INFO:root:Listing all champions
INFO:root:Deleting the champion with id : 4
INFO:root:[(41,)]
ERROR:root:syntax error at or near ")"
LINE 1: DELETE FROM Skins WHERE SkinId IN ()
                                           ^

ERROR:root:Couldn't delete champion
INFO:root:Listing all champions
INFO:root:Creating the following skin : champion_id=4 skin_id=41 name='Skin test' skin_num=1 base_price=2000
ERROR:root:duplicate key value violates unique constraint "skins_pkey"
DETAIL:  Key (skinid)=(41) already exists.

INFO:root:Couldn't create skin
INFO:root:API start
INFO:root:Listing all champions
INFO:root:Deleting the champion with id : 4
INFO:root:[(41,)]
ERROR:root:syntax error at or near ")"
LINE 1: DELETE FROM Skins WHERE SkinId IN (41,)
                                              ^

ERROR:root:Couldn't delete champion
INFO:root:Listing all champions
INFO:root:Creating the following skin : champion_id=4 skin_id=41 name='Skin test' skin_num=1 base_price=2000
ERROR:root:duplicate key value violates unique constraint "skins_pkey"
DETAIL:  Key (skinid)=(41) already exists.

INFO:root:Couldn't create skin
INFO:root:API start
INFO:root:Creating the following champion : champion_id=4 name='test test' title='test def'
INFO:root:Champion successfully created!
INFO:root:Creating the following skin : champion_id=4 skin_id=41 name='Skin test' skin_num=1 base_price=2000
INFO:root:Skin successfully created!
INFO:root:Listing all champions
INFO:root:Deleting the champion with id : 4
INFO:root:[(41,)]
ERROR:root:syntax error at or near ")"
LINE 1: DELETE FROM Champions_Skins WHERE SkinId=(41,)
                                                     ^

INFO:root:Champion successfully deleted!
INFO:root:Listing all champions
INFO:root:Creating the following champion : champion_id=4 name='test test' title='test def'
INFO:root:Champion successfully created!
INFO:root:Creating the following skin : champion_id=4 skin_id=41 name='Skin test' skin_num=1 base_price=2000
ERROR:root:duplicate key value violates unique constraint "skins_pkey"
DETAIL:  Key (skinid)=(41) already exists.

INFO:root:Couldn't create skin
INFO:root:Listing all champions
INFO:root:Listing all skins
INFO:root:Deleting the champion with id : 4
INFO:root:[]
INFO:root:Champion successfully deleted!
INFO:root:Listing all champions
INFO:root:Listing all skins
INFO:root:API start
INFO:root:Creating the following champion : champion_id=4 name='test test' title='test def'
INFO:root:Champion successfully created!
INFO:root:Creating the following skin : champion_id=4 skin_id=41 name='Skin test' skin_num=1 base_price=2000
ERROR:root:duplicate key value violates unique constraint "skins_pkey"
DETAIL:  Key (skinid)=(41) already exists.

INFO:root:Couldn't create skin
INFO:root:Listing all champions
INFO:root:Listing all skins
INFO:root:Deleting the champion with id : 4
INFO:root:[]
ERROR:root:list index out of range
ERROR:root:Couldn't delete champion
INFO:root:Listing all champions
INFO:root:Listing all skins
INFO:root:API start
INFO:root:Creating the following champion : champion_id=4 name='test test' title='test def'
ERROR:root:duplicate key value violates unique constraint "champions_pkey"
DETAIL:  Key (championid)=(4) already exists.

ERROR:root:Couldn't create champion
INFO:root:Creating the following skin : champion_id=4 skin_id=41 name='Skin test' skin_num=1 base_price=2000
ERROR:root:duplicate key value violates unique constraint "skins_pkey"
DETAIL:  Key (skinid)=(41) already exists.

INFO:root:Couldn't create skin
INFO:root:Listing all champions
INFO:root:Listing all skins
INFO:root:Deleting the champion with id : 4
INFO:root:Deleting skins associated with champion 4
INFO:root:[]
ERROR:root:'>' not supported between instances of 'list' and 'int'
ERROR:root:Couldn't delete champion
INFO:root:Listing all champions
INFO:root:Listing all skins
INFO:root:Resetting the database
INFO:root:Database successfully reset!
INFO:root:Creating the following champion : champion_id=4 name='test test' title='test def'
INFO:root:Champion successfully created!
INFO:root:Creating the following skin : champion_id=4 skin_id=41 name='Skin test' skin_num=1 base_price=2000
INFO:root:Skin successfully created!
INFO:root:Listing all champions
INFO:root:Listing all skins
INFO:root:Deleting the champion with id : 4
INFO:root:Deleting skins associated with champion 4
INFO:root:[(41,)]
ERROR:root:'>' not supported between instances of 'list' and 'int'
ERROR:root:Couldn't delete champion
INFO:root:Listing all champions
INFO:root:Listing all skins
INFO:root:API start
INFO:root:Resetting the database
ERROR:root:update or delete on table "skins" violates foreign key constraint "champions_skins_skinid_fkey" on table "champions_skins"
DETAIL:  Key (skinid)=(41) is still referenced from table "champions_skins".

INFO:root:Couldn't reset the database
INFO:root:Creating the following champion : champion_id=4 name='test test' title='test def'
ERROR:root:duplicate key value violates unique constraint "champions_pkey"
DETAIL:  Key (championid)=(4) already exists.

ERROR:root:Couldn't create champion
INFO:root:Creating the following skin : champion_id=4 skin_id=41 name='Skin test' skin_num=1 base_price=2000
ERROR:root:duplicate key value violates unique constraint "skins_pkey"
DETAIL:  Key (skinid)=(41) already exists.

INFO:root:Couldn't create skin
INFO:root:Listing all champions
INFO:root:Listing all skins
INFO:root:Deleting the champion with id : 4
INFO:root:Deleting skins associated with champion 4
INFO:root:[(41,)]
INFO:root:Champion successfully deleted!
INFO:root:Listing all champions
INFO:root:Listing all skins
INFO:root:Resetting the database
INFO:root:Database successfully reset!
INFO:root:Creating the following champion : champion_id=4 name='test test' title='test def'
INFO:root:Champion successfully created!
INFO:root:Creating the following skin : champion_id=4 skin_id=41 name='Skin test' skin_num=1 base_price=2000
INFO:root:Skin successfully created!
INFO:root:Listing all champions
INFO:root:Listing all skins
INFO:root:Deleting the champion with id : 4
INFO:root:Deleting skins associated with champion 4
INFO:root:[(41,)]
INFO:root:Champion successfully deleted!
INFO:root:Listing all champions
INFO:root:Listing all skins
